2025-11-19 11:48:42 [main] WARN  org.epos.api.utility.Utils - *********** convert *********
2025-11-19 11:48:42 [main] WARN  org.epos.api.utility.Utils - 2025-11-19T11:34:05 01:00 yyyy-MM-ddThh:mm:ssZ yyyy-MM-ddThh:mm:ssZ
2025-11-19 11:48:42 [main] WARN  org.epos.api.utility.Utils - Error parsing date Unparseable date: "2025-11-19T11:34:05 01:00"
2025-11-19 11:48:42 [main] WARN  org.epos.api.utility.Utils - false
2025-11-19 11:48:42 [main] WARN  org.epos.api.utility.Utils - yyyy-MM-dd'T'HH:mm:ss'Z'
2025-11-19 11:48:42 [main] WARN  org.epos.api.utility.Utils - *********** end convert *********
2025-11-19 11:48:42 [main] WARN  org.epos.api.utility.Utils - Error parsing date Unparseable date: "2025-11-19T11:34:05 01:00"
2025-11-19 11:48:42 [main] WARN  org.epos.api.utility.Utils - Error parsing date Unparseable date: "2025-11-19T11:34:05 01:00"
2025-11-19 11:49:14 [main] WARN  org.epos.api.utility.Utils - *********** convert *********
2025-11-19 11:49:14 [main] WARN  org.epos.api.utility.Utils - 2025-11-19T11:34:05+01:00 yyyy-MM-ddThh:mm:ssZ yyyy-MM-ddThh:mm:ssZ
2025-11-19 11:49:14 [main] WARN  org.epos.api.utility.Utils - Error parsing date Unparseable date: "2025-11-19T11:34:05+01:00"
2025-11-19 11:49:14 [main] WARN  org.epos.api.utility.Utils - false
2025-11-19 11:49:14 [main] WARN  org.epos.api.utility.Utils - yyyy-MM-dd'T'HH:mm:ss'Z'
2025-11-19 11:49:14 [main] WARN  org.epos.api.utility.Utils - *********** end convert *********
2025-11-19 11:49:14 [main] WARN  org.epos.api.utility.Utils - Error parsing date Unparseable date: "2025-11-19T11:34:05+01:00"
2025-11-19 11:49:14 [main] WARN  org.epos.api.utility.Utils - Error parsing date Unparseable date: "2025-11-19T11:34:05+01:00"
2025-11-19 11:52:57 [main] WARN  org.epos.api.utility.Utils - *********** convert *********
2025-11-19 11:52:57 [main] WARN  org.epos.api.utility.Utils - 2025-11-19T11:34:05+01:00 yyyy-MM-ddThh:mm:ssZ yyyy-MM-ddThh:mm:ssZ
2025-11-19 11:52:57 [main] WARN  org.epos.api.utility.Utils - Error parsing date Unparseable date: "2025-11-19T11:34:05+01:00"
2025-11-19 11:52:57 [main] WARN  org.epos.api.utility.Utils - false
2025-11-19 11:52:57 [main] WARN  org.epos.api.utility.Utils - yyyy-MM-dd'T'HH:mm:ss'Z'
2025-11-19 11:52:57 [main] WARN  org.epos.api.utility.Utils - *********** end convert *********
2025-11-19 11:52:57 [main] WARN  org.epos.api.utility.Utils - Error parsing date Unparseable date: "2025-11-19T11:34:05+01:00"
2025-11-19 11:52:57 [main] WARN  org.epos.api.utility.Utils - Error parsing date Unparseable date: "2025-11-19T11:34:05+01:00"
2025-11-19 11:53:23 [main] WARN  org.epos.api.utility.Utils - *********** convert *********
2025-11-19 11:53:23 [main] WARN  org.epos.api.utility.Utils - 2025-11-19T11:34:05+01:00 yyyy-MM-ddThh:mm:ssXXX yyyy-MM-ddThh:mm:ssXXX
2025-11-19 11:53:23 [main] WARN  org.epos.api.utility.Utils - true
2025-11-19 11:53:23 [main] WARN  org.epos.api.utility.Utils - yyyy-MM-dd'T'HH:mm:ssXXX
2025-11-19 11:53:23 [main] WARN  org.epos.api.utility.Utils - *********** end convert *********
